<?xml version="1.0" encoding="UTF-8"?>
<!-- Generated by org.testng.reporters.JUnitXMLReporter -->
<testsuite hostname="STUDENT99" ignored="0" name="Default test" tests="5" failures="0" timestamp="05 May 2017 15:21:55 GMT" time="51.247" errors="0">
  <testcase name="verifyPageLoadFromTitle" time="12.91" classname="Selenium.ExtentReport.BrowseProductsAndPurchase"/>
  <testcase name="selectProductPage" time="23.93" classname="Selenium.ExtentReport.BrowseProductsAndPurchase"/>
  <testcase name="addProductToBasket" time="1.863" classname="Selenium.ExtentReport.BrowseProductsAndPurchase"/>
  <testcase name="proceedToCheckout" time="1.953" classname="Selenium.ExtentReport.BrowseProductsAndPurchase"/>
  <testcase name="checkout" time="10.532" classname="Selenium.ExtentReport.BrowseProductsAndPurchase"/>
</testsuite> <!-- Default test -->
